# JRE version: OpenJDK Runtime Environment (11.0.12+7) (build 11.0.12+7-b1504.28-7817840)
# Java VM: OpenJDK 64-Bit Server VM (11.0.12+7-b1504.28-7817840, mixed mode, tiered, compressed oops, g1 gc, windows-amd64)
Heap:
 garbage-first heap   total 131072K, used 94405K [0x0000000080000000, 0x0000000100000000)
  region size 1024K, 17 young (17408K), 2 survivors (2048K)
 Metaspace       used 90398K, capacity 92650K, committed 92972K, reserved 1130496K
  class space    used 11711K, capacity 12552K, committed 12672K, reserved 1048576K
GC Heap History (20 events):
Event: 26.517 GC heap before
{Heap before GC invocations=16 (full 0):
 garbage-first heap   total 131072K, used 102992K [0x0000000080000000, 0x0000000100000000)
  region size 1024K, 53 young (54272K), 5 survivors (5120K)
 Metaspace       used 71314K, capacity 72927K, committed 73132K, reserved 1112064K
  class space    used 9291K, capacity 9930K, committed 9984K, reserved 1048576K
}
Event: 26.525 GC heap after
{Heap after GC invocations=17 (full 0):
 garbage-first heap   total 131072K, used 57224K [0x0000000080000000, 0x0000000100000000)
  region size 1024K, 4 young (4096K), 4 survivors (4096K)
 Metaspace       used 71314K, capacity 72927K, committed 73132K, reserved 1112064K
  class space    used 9291K, capacity 9930K, committed 9984K, reserved 1048576K
}
Event: 28.428 GC heap before
{Heap before GC invocations=17 (full 0):
 garbage-first heap   total 131072K, used 105352K [0x0000000080000000, 0x0000000100000000)
  region size 1024K, 51 young (52224K), 4 survivors (4096K)
 Metaspace       used 76723K, capacity 78402K, committed 78508K, reserved 1118208K
  class space    used 10063K, capacity 10732K, committed 10752K, reserved 1048576K
}
Event: 28.436 GC heap after
{Heap after GC invocations=18 (full 0):
 garbage-first heap   total 131072K, used 59499K [0x0000000080000000, 0x0000000100000000)
  region size 1024K, 6 young (6144K), 6 survivors (6144K)
 Metaspace       used 76723K, capacity 78402K, committed 78508K, reserved 1118208K
  class space    used 10063K, capacity 10732K, committed 10752K, reserved 1048576K
}
Event: 30.586 GC heap before
{Heap before GC invocations=18 (full 0):
 garbage-first heap   total 131072K, used 106603K [0x0000000080000000, 0x0000000100000000)
  region size 1024K, 52 young (53248K), 6 survivors (6144K)
 Metaspace       used 80457K, capacity 82431K, committed 82476K, reserved 1120256K
  class space    used 10603K, capacity 11364K, committed 11392K, reserved 1048576K
}
Event: 30.599 GC heap after
{Heap after GC invocations=19 (full 0):
 garbage-first heap   total 131072K, used 63328K [0x0000000080000000, 0x0000000100000000)
  region size 1024K, 7 young (7168K), 7 survivors (7168K)
 Metaspace       used 80457K, capacity 82431K, committed 82476K, reserved 1120256K
  class space    used 10603K, capacity 11364K, committed 11392K, reserved 1048576K
}
Event: 31.773 GC heap before
{Heap before GC invocations=19 (full 0):
 garbage-first heap   total 131072K, used 106336K [0x0000000080000000, 0x0000000100000000)
  region size 1024K, 50 young (51200K), 7 survivors (7168K)
 Metaspace       used 81148K, capacity 83134K, committed 83372K, reserved 1122304K
  class space    used 10673K, capacity 11463K, committed 11520K, reserved 1048576K
}
Event: 31.782 GC heap after
{Heap after GC invocations=20 (full 0):
 garbage-first heap   total 131072K, used 66497K [0x0000000080000000, 0x0000000100000000)
  region size 1024K, 4 young (4096K), 4 survivors (4096K)
 Metaspace       used 81148K, capacity 83134K, committed 83372K, reserved 1122304K
  class space    used 10673K, capacity 11463K, committed 11520K, reserved 1048576K
}
Event: 32.586 GC heap before
{Heap before GC invocations=20 (full 0):
 garbage-first heap   total 131072K, used 106433K [0x0000000080000000, 0x0000000100000000)
  region size 1024K, 44 young (45056K), 4 survivors (4096K)
 Metaspace       used 81678K, capacity 83750K, committed 83884K, reserved 1122304K
  class space    used 10712K, capacity 11516K, committed 11520K, reserved 1048576K
}
Event: 32.597 GC heap after
{Heap after GC invocations=21 (full 0):
 garbage-first heap   total 131072K, used 69757K [0x0000000080000000, 0x0000000100000000)
  region size 1024K, 6 young (6144K), 6 survivors (6144K)
 Metaspace       used 81678K, capacity 83750K, committed 83884K, reserved 1122304K
  class space    used 10712K, capacity 11516K, committed 11520K, reserved 1048576K
}
Event: 33.540 GC heap before
{Heap before GC invocations=22 (full 0):
 garbage-first heap   total 131072K, used 107645K [0x0000000080000000, 0x0000000100000000)
  region size 1024K, 44 young (45056K), 6 survivors (6144K)
 Metaspace       used 82167K, capacity 84276K, committed 84524K, reserved 1122304K
  class space    used 10745K, capacity 11530K, committed 11648K, reserved 1048576K
}
Event: 33.549 GC heap after
{Heap after GC invocations=23 (full 0):
 garbage-first heap   total 131072K, used 72769K [0x0000000080000000, 0x0000000100000000)
  region size 1024K, 3 young (3072K), 3 survivors (3072K)
 Metaspace       used 82167K, capacity 84276K, committed 84524K, reserved 1122304K
  class space    used 10745K, capacity 11530K, committed 11648K, reserved 1048576K
}
Event: 34.261 GC heap before
{Heap before GC invocations=23 (full 0):
 garbage-first heap   total 131072K, used 107585K [0x0000000080000000, 0x0000000100000000)
  region size 1024K, 38 young (38912K), 3 survivors (3072K)
 Metaspace       used 83301K, capacity 85340K, committed 85548K, reserved 1124352K
  class space    used 10829K, capacity 11621K, committed 11648K, reserved 1048576K
}
Event: 34.270 GC heap after
{Heap after GC invocations=24 (full 0):
 garbage-first heap   total 131072K, used 74358K [0x0000000080000000, 0x0000000100000000)
  region size 1024K, 5 young (5120K), 5 survivors (5120K)
 Metaspace       used 83301K, capacity 85340K, committed 85548K, reserved 1124352K
  class space    used 10829K, capacity 11621K, committed 11648K, reserved 1048576K
}
Event: 34.933 GC heap before
{Heap before GC invocations=25 (full 0):
 garbage-first heap   total 131072K, used 108150K [0x0000000080000000, 0x0000000100000000)
  region size 1024K, 39 young (39936K), 5 survivors (5120K)
 Metaspace       used 85743K, capacity 87749K, committed 87980K, reserved 1126400K
  class space    used 11160K, capacity 11954K, committed 12032K, reserved 1048576K
}
Event: 34.942 GC heap after
{Heap after GC invocations=26 (full 0):
 garbage-first heap   total 131072K, used 74976K [0x0000000080000000, 0x0000000100000000)
  region size 1024K, 3 young (3072K), 3 survivors (3072K)
 Metaspace       used 85743K, capacity 87749K, committed 87980K, reserved 1126400K
  class space    used 11160K, capacity 11954K, committed 12032K, reserved 1048576K
}
Event: 36.479 GC heap before
{Heap before GC invocations=26 (full 0):
 garbage-first heap   total 131072K, used 109792K [0x0000000080000000, 0x0000000100000000)
  region size 1024K, 38 young (38912K), 3 survivors (3072K)
 Metaspace       used 88689K, capacity 90869K, committed 91180K, reserved 1128448K
  class space    used 11515K, capacity 12321K, committed 12416K, reserved 1048576K
}
Event: 36.488 GC heap after
{Heap after GC invocations=27 (full 0):
 garbage-first heap   total 131072K, used 78816K [0x0000000080000000, 0x0000000100000000)
  region size 1024K, 5 young (5120K), 5 survivors (5120K)
 Metaspace       used 88689K, capacity 90869K, committed 91180K, reserved 1128448K
  class space    used 11515K, capacity 12321K, committed 12416K, reserved 1048576K
}
Event: 37.092 GC heap before
{Heap before GC invocations=28 (full 0):
 garbage-first heap   total 131072K, used 98272K [0x0000000080000000, 0x0000000100000000)
  region size 1024K, 9 young (9216K), 5 survivors (5120K)
 Metaspace       used 89020K, capacity 91173K, committed 91436K, reserved 1128448K
  class space    used 11548K, capacity 12355K, committed 12416K, reserved 1048576K
}
Event: 37.103 GC heap after
{Heap after GC invocations=29 (full 0):
 garbage-first heap   total 131072K, used 78909K [0x0000000080000000, 0x0000000100000000)
  region size 1024K, 1 young (1024K), 1 survivors (1024K)
 Metaspace       used 89020K, capacity 91173K, committed 91436K, reserved 1128448K
  class space    used 11548K, capacity 12355K, committed 12416K, reserved 1048576K
}

