# JRE version: OpenJDK Runtime Environment (11.0.12+7) (build 11.0.12+7-b1504.28-7817840)
# Java VM: OpenJDK 64-Bit Server VM (11.0.12+7-b1504.28-7817840, mixed mode, tiered, compressed oops, g1 gc, windows-amd64)
Heap:
 garbage-first heap   total 227328K, used 157300K [0x0000000080000000, 0x0000000100000000)
  region size 1024K, 45 young (46080K), 1 survivors (1024K)
 Metaspace       used 119598K, capacity 122814K, committed 124880K, reserved 1157120K
  class space    used 15359K, capacity 16632K, committed 17616K, reserved 1048576K
GC Heap History (20 events):
Event: 12.630 GC heap before
{Heap before GC invocations=23 (full 0):
 garbage-first heap   total 227328K, used 156014K [0x0000000080000000, 0x0000000100000000)
  region size 1024K, 70 young (71680K), 6 survivors (6144K)
 Metaspace       used 91622K, capacity 93890K, committed 94160K, reserved 1130496K
  class space    used 11870K, capacity 12725K, committed 12752K, reserved 1048576K
}
Event: 12.637 GC heap after
{Heap after GC invocations=24 (full 0):
 garbage-first heap   total 227328K, used 94132K [0x0000000080000000, 0x0000000100000000)
  region size 1024K, 7 young (7168K), 7 survivors (7168K)
 Metaspace       used 91622K, capacity 93890K, committed 94160K, reserved 1130496K
  class space    used 11870K, capacity 12725K, committed 12752K, reserved 1048576K
}
Event: 17.192 GC heap before
{Heap before GC invocations=24 (full 0):
 garbage-first heap   total 227328K, used 161716K [0x0000000080000000, 0x0000000100000000)
  region size 1024K, 74 young (75776K), 7 survivors (7168K)
 Metaspace       used 93290K, capacity 95685K, committed 95952K, reserved 1132544K
  class space    used 12041K, capacity 12940K, committed 13008K, reserved 1048576K
}
Event: 17.201 GC heap after
{Heap after GC invocations=25 (full 0):
 garbage-first heap   total 227328K, used 100460K [0x0000000080000000, 0x0000000100000000)
  region size 1024K, 9 young (9216K), 9 survivors (9216K)
 Metaspace       used 93290K, capacity 95685K, committed 95952K, reserved 1132544K
  class space    used 12041K, capacity 12940K, committed 13008K, reserved 1048576K
}
Event: 19.145 GC heap before
{Heap before GC invocations=25 (full 0):
 garbage-first heap   total 227328K, used 169068K [0x0000000080000000, 0x0000000100000000)
  region size 1024K, 75 young (76800K), 9 survivors (9216K)
 Metaspace       used 100178K, capacity 102715K, committed 102992K, reserved 1138688K
  class space    used 12883K, capacity 13854K, committed 13904K, reserved 1048576K
}
Event: 19.159 GC heap after
{Heap after GC invocations=26 (full 0):
 garbage-first heap   total 227328K, used 113216K [0x0000000080000000, 0x0000000100000000)
  region size 1024K, 10 young (10240K), 10 survivors (10240K)
 Metaspace       used 100178K, capacity 102715K, committed 102992K, reserved 1138688K
  class space    used 12883K, capacity 13854K, committed 13904K, reserved 1048576K
}
Event: 19.937 GC heap before
{Heap before GC invocations=26 (full 0):
 garbage-first heap   total 227328K, used 173632K [0x0000000080000000, 0x0000000100000000)
  region size 1024K, 69 young (70656K), 10 survivors (10240K)
 Metaspace       used 102780K, capacity 105468K, committed 105552K, reserved 1140736K
  class space    used 13096K, capacity 14101K, committed 14160K, reserved 1048576K
}
Event: 19.976 GC heap after
{Heap after GC invocations=27 (full 0):
 garbage-first heap   total 227328K, used 119241K [0x0000000080000000, 0x0000000100000000)
  region size 1024K, 6 young (6144K), 6 survivors (6144K)
 Metaspace       used 102780K, capacity 105468K, committed 105552K, reserved 1140736K
  class space    used 13096K, capacity 14101K, committed 14160K, reserved 1048576K
}
Event: 20.758 GC heap before
{Heap before GC invocations=28 (full 0):
 garbage-first heap   total 227328K, used 170441K [0x0000000080000000, 0x0000000100000000)
  region size 1024K, 63 young (64512K), 6 survivors (6144K)
 Metaspace       used 108556K, capacity 111412K, committed 111568K, reserved 1146880K
  class space    used 13885K, capacity 14978K, committed 15056K, reserved 1048576K
}
Event: 20.775 GC heap after
{Heap after GC invocations=29 (full 0):
 garbage-first heap   total 227328K, used 119808K [0x0000000080000000, 0x0000000100000000)
  region size 1024K, 8 young (8192K), 8 survivors (8192K)
 Metaspace       used 108556K, capacity 111412K, committed 111568K, reserved 1146880K
  class space    used 13885K, capacity 14978K, committed 15056K, reserved 1048576K
}
Event: 20.805 GC heap before
{Heap before GC invocations=29 (full 0):
 garbage-first heap   total 227328K, used 121856K [0x0000000080000000, 0x0000000100000000)
  region size 1024K, 11 young (11264K), 8 survivors (8192K)
 Metaspace       used 108981K, capacity 111888K, committed 112080K, reserved 1146880K
  class space    used 13938K, capacity 15030K, committed 15056K, reserved 1048576K
}
Event: 20.815 GC heap after
{Heap after GC invocations=30 (full 0):
 garbage-first heap   total 227328K, used 119273K [0x0000000080000000, 0x0000000100000000)
  region size 1024K, 2 young (2048K), 2 survivors (2048K)
 Metaspace       used 108981K, capacity 111888K, committed 112080K, reserved 1146880K
  class space    used 13938K, capacity 15030K, committed 15056K, reserved 1048576K
}
Event: 21.217 GC heap before
{Heap before GC invocations=30 (full 0):
 garbage-first heap   total 227328K, used 175593K [0x0000000080000000, 0x0000000100000000)
  region size 1024K, 58 young (59392K), 2 survivors (2048K)
 Metaspace       used 115459K, capacity 119283K, committed 119376K, reserved 1153024K
  class space    used 15155K, capacity 16702K, committed 16720K, reserved 1048576K
}
Event: 21.228 GC heap after
{Heap after GC invocations=31 (full 0):
 garbage-first heap   total 227328K, used 122846K [0x0000000080000000, 0x0000000100000000)
  region size 1024K, 5 young (5120K), 5 survivors (5120K)
 Metaspace       used 115459K, capacity 119283K, committed 119376K, reserved 1153024K
  class space    used 15155K, capacity 16702K, committed 16720K, reserved 1048576K
}
Event: 22.114 GC heap before
{Heap before GC invocations=32 (full 0):
 garbage-first heap   total 227328K, used 178142K [0x0000000080000000, 0x0000000100000000)
  region size 1024K, 61 young (62464K), 5 survivors (5120K)
 Metaspace       used 118568K, capacity 122411K, committed 123088K, reserved 1155072K
  class space    used 15527K, capacity 17073K, committed 17360K, reserved 1048576K
}
Event: 22.122 GC heap after
{Heap after GC invocations=33 (full 0):
 garbage-first heap   total 227328K, used 119945K [0x0000000080000000, 0x0000000100000000)
  region size 1024K, 2 young (2048K), 2 survivors (2048K)
 Metaspace       used 118568K, capacity 122411K, committed 123088K, reserved 1155072K
  class space    used 15527K, capacity 17073K, committed 17360K, reserved 1048576K
}
Event: 22.519 GC heap before
{Heap before GC invocations=33 (full 0):
 garbage-first heap   total 227328K, used 144521K [0x0000000080000000, 0x0000000100000000)
  region size 1024K, 12 young (12288K), 2 survivors (2048K)
 Metaspace       used 119193K, capacity 123065K, committed 123728K, reserved 1155072K
  class space    used 15616K, capacity 17205K, committed 17488K, reserved 1048576K
}
Event: 22.524 GC heap after
{Heap after GC invocations=34 (full 0):
 garbage-first heap   total 227328K, used 122328K [0x0000000080000000, 0x0000000100000000)
  region size 1024K, 2 young (2048K), 2 survivors (2048K)
 Metaspace       used 119193K, capacity 123065K, committed 123728K, reserved 1155072K
  class space    used 15616K, capacity 17205K, committed 17488K, reserved 1048576K
}
Event: 22.701 GC heap before
{Heap before GC invocations=34 (full 0):
 garbage-first heap   total 227328K, used 124376K [0x0000000080000000, 0x0000000100000000)
  region size 1024K, 5 young (5120K), 2 survivors (2048K)
 Metaspace       used 119336K, capacity 123293K, committed 123728K, reserved 1155072K
  class space    used 15636K, capacity 17238K, committed 17488K, reserved 1048576K
}
Event: 22.704 GC heap after
{Heap after GC invocations=35 (full 0):
 garbage-first heap   total 227328K, used 105076K [0x0000000080000000, 0x0000000100000000)
  region size 1024K, 1 young (1024K), 1 survivors (1024K)
 Metaspace       used 119336K, capacity 123293K, committed 123728K, reserved 1155072K
  class space    used 15636K, capacity 17238K, committed 17488K, reserved 1048576K
}

